输入路径：C:\Users\mayn\Desktop\Island
输出路径：C:\Users\mayn\Desktop\Island\Island.w3x
输入格式：Lni
输出模式：slk
结果：0 个错误，0 条警告
用时：2.577 秒
==========================
移除未引用对象 (23)
==========================
简化时没有找到对象 'HA1Q' - 脚本里的'HA01'[巨魔战将]引用了它
简化时没有找到对象 'HA1W' - 脚本里的'HA01'[巨魔战将]引用了它
简化时没有找到对象 'HA1E' - 脚本里的'HA01'[巨魔战将]引用了它
简化时没有找到对象 'HA1R' - 脚本里的'HA01'[巨魔战将]引用了它
简化时没有找到对象 'A03N' - 脚本里的'tcas'[小城堡]引用了它
简化时没有找到对象 'A01Z' - 脚本里的'tcas'[小城堡]引用了它
引用未分类对象: 'orbr' - 期望分类：unit
简化时没有找到对象 'Axt1
' - 脚本里的'tcas'[小城堡]引用了它
简化时没有找到对象 'A02N' - 脚本里的'tcas'[小城堡]引用了它
简化时没有找到对象 'Rewd' - 脚本里的'tcas'[小城堡]引用了它
简化时没有找到对象 'A00C' - 脚本里的'tcas'[小城堡]引用了它
简化时没有找到对象 'A019' - 脚本里的'IR05'[银月之晶|nMoonShard]引用了它
简化时没有找到对象 'HS3Q' - 脚本里的'HS03'[兽族步兵]引用了它
简化时没有找到对象 'HS3W' - 脚本里的'HS03'[兽族步兵]引用了它
简化时没有找到对象 'HS3R' - 脚本里的'HS03'[兽族步兵]引用了它
简化时没有找到对象 'HI3Q' - 脚本里的'HI03'[牧师]引用了它
简化时没有找到对象 'HI3W' - 脚本里的'HI03'[牧师]引用了它
简化时没有找到对象 'HI3E' - 脚本里的'HI03'[牧师]引用了它
简化时没有找到对象 'HI3R' - 脚本里的'HI03'[牧师]引用了它
简化时没有找到对象 'HS1Q' - 脚本里的'HS01'[圣骑士]引用了它
简化时没有找到对象 'HS1W' - 脚本里的'HS01'[圣骑士]引用了它
简化时没有找到对象 'HS1E' - 脚本里的'HS01'[圣骑士]引用了它
简化时没有找到对象 'HS1R' - 脚本里的'HS01'[圣骑士]引用了它
-------------------------------------------
简化掉的对象数: 2264/3279
---------------------------------------------------------------------
保留的默认对象数: 800/2623
---------------------------------------------------------------------
单位 'npnw' 企鹅 - 脚本里的'tcas'[小城堡]引用了它
单位 'efon' 树人 - 脚本里的'tcas'[小城堡]引用了它
单位 'hwtw' 哨塔 - 脚本里的'tcas'[小城堡]引用了它
单位 'nfro' 青蛙 - 脚本里的'tcas'[小城堡]引用了它
单位 'edtm' 猛禽德鲁伊 - 脚本里的'Arav'[风暴之鸦]引用了它
单位 'hbar' 兵营 - 脚本里的'tcas'[小城堡]引用了它
单位 'ufro' 冰霜巨龙 - 脚本里的'tcas'[小城堡]引用了它
单位 'ugol' 闹鬼金矿 - 脚本里的'tcas'[小城堡]引用了它
单位 'obar' 兵营 - 脚本里的'tcas'[小城堡]引用了它
单位 'ugrm' 石像形态下的石像鬼 - 脚本里的'tcas'[小城堡]引用了它
技能 'Asac' 牺牲 - 脚本里的'tcas'[小城堡]引用了它
技能 'AHmt' 群体传送 - 脚本里的'tcas'[小城堡]引用了它
技能 'Afrb' 霜冻呼吸 - 脚本里的'tcas'[小城堡]引用了它
技能 'Ashm' 影遁 - 脚本里的'tcas'[小城堡]引用了它
技能 'ACf2' 霜冻护甲 - 脚本里的'nvdg'[巨大虚无行者]引用了它
技能 'Adsm' 驱逐魔法 - 脚本里的'Uwar'[巫师]引用了它
技能 'Sbsk' 狂暴愤怒升级 - 脚本里的'tcas'[小城堡]引用了它
技能 'AHfa' 灼热之箭 - 脚本里的'tcas'[小城堡]引用了它
技能 'AHds' 神圣护甲 - 脚本里的'tcas'[小城堡]引用了它
技能 'AOws' 战争践踏 - 脚本里的'tcas'[小城堡]引用了它
魔法效果 'BHbz' 暴风雪 (施法者) - 脚本里的'tcas'[小城堡]引用了它
魔法效果 'Bdig' 吞噬 (施法者) - 脚本里的'tcas'[小城堡]引用了它
魔法效果 'Bdvv' 吞噬 - 脚本里的'tcas'[小城堡]引用了它
魔法效果 'Brpm' 灵魂触摸 - 脚本里的'tcas'[小城堡]引用了它
魔法效果 'Bdcl' 汲取生命值(施法者) - 脚本里的'nm04'[血魔法师]引用了它
魔法效果 'XErc' 混乱之雨(效果) - 脚本里的'Uwar'[巫师]引用了它
魔法效果 'Bdbb' 吸取生命值和魔法值 - 脚本里的'nm04'[血魔法师]引用了它
魔法效果 'Boar' 治疗守卫光环 - 脚本里的'tcas'[小城堡]引用了它
魔法效果 'BUcb' 腐尸甲虫 - 脚本里的'tcas'[小城堡]引用了它
魔法效果 'Bdcm' 汲取魔法值 (施法者) - 脚本里的'nm04'[血魔法师]引用了它
科技 'Rews' 月井之春 - 脚本里的'tcas'[小城堡]引用了它
科技 'Rovs' 浸毒武器 - 脚本里的'tcas'[小城堡]引用了它
科技 'Rgfo' 防御浮雕 - 脚本里的'eaoe'[知识古树]引用了它
可破坏物 'ZTd3' 滚石之门 - 地图上放置的'ZTd3'[滚石之门]引用了它
可破坏物 'LTbx' 木桶 - 地图上放置的'LTbx'[木桶]引用了它
可破坏物 'ZTtc' 遗迹伞状树木 - 地图上放置的'ZTtc'[遗迹伞状树木]引用了它
装饰物 'DOtp' 财宝堆 - 地图上放置的'DOtp'[财宝堆]引用了它
装饰物 'LRrk' 岩石 - 地图上放置的'LRrk'[岩石]引用了它
装饰物 'LOtz' 炽热的火炬 - 地图上放置的'LOtz'[炽热的火炬]引用了它
---------------------------------------------------------------------
简化掉的自定义对象数: 441/656
---------------------------------------------------------------------
单位 'NA01' 虚空假面
单位 'nfgu' 狂暴守卫
单位 'nwgt' 传送门
单位 'ngme' 地精商店
单位 'HIM2' 风暴之灵
单位 'nvl2' 村民
单位 'ncob' 混沌之箭
单位 'HI99' 巨魔巫医
单位 'NS01' 混沌骑士
单位 'nndr' 耐瑟龙
技能 'ATlf' 热血战魂
技能 'A00R' 闪现突袭
技能 'Alc7' 鼓舞 等级 3
技能 'stun' StunUnit
技能 'AIil' 幻象物品
技能 'A00Q' 火焰战斧
技能 'AImi' 镜像 分身斧
技能 'Atci' 幻象物品
技能 'AgrW' 狂暴化
技能 'AgrQ' 斩首
物品 'IR0A' 伯里克利神棍
物品 'rre2' 废弃
物品 'brac' 神秘腰带
物品 'pgin' |cff87ceeb大隐形药水|r
物品 'nspi' 魔法免疫项链
物品 'wneu' 中和权杖
物品 'kymn' 月之钥匙
物品 'IR08' 斯嘉蒂之眼|nEye of Skadi (Ranged)
物品 'ward' 战歌之鼓
物品 'pghe' |cff87ceeb大生命药水|r
魔法效果 'BIil' 幻象
魔法效果 'Bfes' 斯嘉蒂之眼
魔法效果 'BStf' 被击飞的
魔法效果 'BbT2' 狂暴
魔法效果 'Bdis' 肢解
魔法效果 'Bmom' 狂暴
魔法效果 'Bgsp' 神之力量
魔法效果 'BSlb' 嗜血
魔法效果 'BSes' 电子涡流(施法者)
魔法效果 'BTl4' 亢奋
可破坏物 'Dofv' 力量之墙
可破坏物 'Dofw' 力量之墙
装饰物 'D004' 蒸汽泡沫2
装饰物 'D002' 岩石q2

==========================
公式计算失败 (38)
==========================
技能 A002 嗜血术 - Researchtip: <AomW,DataA1,%>
技能 A002 嗜血术 - Researchtip: <AomW,DataB1,%>
技能 A002 嗜血术 - Researchtip: <AomW,DataA2,%>
技能 A002 嗜血术 - Researchtip: <AomW,DataB2,%>
技能 A002 嗜血术 - Researchtip: <AomW,DataA3,%>
技能 A002 嗜血术 - Researchtip: <AomW,DataB3,%>
技能 A002 嗜血术 - Researchtip: <AomW,DataA4,%>
技能 A002 嗜血术 - Researchtip: <AomW,DataB4,%>
技能 A002 嗜血术 - Ubertip: <AomW,DataA1,%>
技能 A002 嗜血术 - Ubertip: <AomW,DataB1,%>
技能 A002 嗜血术 - Ubertip: <AomW,Dur1>
技能 A002 嗜血术 - Ubertip: <AomW,Cool1>
技能 A002 嗜血术 - Ubertip: <AomW,Rng1>
技能 A002 嗜血术 - Ubertip: <AomW,DataA2,%>
技能 A002 嗜血术 - Ubertip: <AomW,DataB2,%>
技能 A002 嗜血术 - Ubertip: <AomW,Dur2>
技能 A002 嗜血术 - Ubertip: <AomW,Cool2>
技能 A002 嗜血术 - Ubertip: <AomW,Rng2>
技能 A002 嗜血术 - Ubertip: <AomW,DataA3,%>
技能 A002 嗜血术 - Ubertip: <AomW,DataB3,%>
技能 A002 嗜血术 - Ubertip: <AomW,Dur3>
技能 A002 嗜血术 - Ubertip: <AomW,Cool3>
技能 A002 嗜血术 - Ubertip: <AomW,Rng3>
技能 A002 嗜血术 - Ubertip: <AomW,DataA4,%>
技能 A002 嗜血术 - Ubertip: <AomW,DataB4,%>
技能 A002 嗜血术 - Ubertip: <AomW,Dur4>
技能 A002 嗜血术 - Ubertip: <AomW,Cool4>
技能 A002 嗜血术 - Ubertip: <AomW,Rng4>
技能 A001 火焰爆轰 - Ubertip: <AomQ,Cool1>
技能 A001 火焰爆轰 - Ubertip: <AomQ,Rng1>
技能 A001 火焰爆轰 - Ubertip: <AomQ,Cool2>
技能 A001 火焰爆轰 - Ubertip: <AomQ,Rng2>
技能 A001 火焰爆轰 - Ubertip: <AomQ,Cool3>
技能 A001 火焰爆轰 - Ubertip: <AomQ,Rng3>
技能 A001 火焰爆轰 - Ubertip: <AomQ,Cool4>
技能 A001 火焰爆轰 - Ubertip: <AomQ,Rng4>
物品 stwp |cff87ceeb回城卷轴|r - Ubertip: <A03N,DataB1>
物品 stwp |cff87ceeb回城卷轴|r - Ubertip: <A03N,Cool1>

==========================
脚本优化 (103)
==========================
--------------------------------------------------
混淆脚本 (1)
--------------------------------------------------
强制引用全部函数 - 第[2605]行：完全动态的ExecuteFunc
--------------------------------------------------
未引用的全局变量 (67)
--------------------------------------------------
LIBRARY_Common - 第[3]行：
ABILITY_STATE_COOLDOWN - 第[5]行：
ABILITY_DATA_TARGS - 第[7]行：
ABILITY_DATA_CAST - 第[8]行：
ABILITY_DATA_DUR - 第[9]行：
ABILITY_DATA_HERODUR - 第[10]行：
ABILITY_DATA_COOL - 第[12]行：
ABILITY_DATA_AREA - 第[13]行：
ABILITY_DATA_RNG - 第[14]行：
ABILITY_DATA_DATA_D - 第[18]行：
ABILITY_DATA_DATA_E - 第[19]行：
ABILITY_DATA_DATA_F - 第[20]行：
ABILITY_DATA_DATA_G - 第[21]行：
ABILITY_DATA_DATA_H - 第[22]行：
ABILITY_DATA_DATA_I - 第[23]行：
ABILITY_DATA_HOTKET - 第[26]行：
ABILITY_DATA_UNHOTKET - 第[27]行：
ABILITY_DATA_RESEARCH_HOTKEY - 第[28]行：
ABILITY_DATA_NAME - 第[29]行：
ABILITY_DATA_ART - 第[30]行：
--------------------------------------------------
未引用的局部变量 (35)
--------------------------------------------------
CreateAllItems - 第[5795]行：[itemID]
CreateBuildingsForPlayer0 - 第[5851]行：[unitID]
CreateBuildingsForPlayer0 - 第[5852]行：[t]
CreateBuildingsForPlayer0 - 第[5853]行：[life]
CreateUnitsForPlayer0 - 第[5860]行：[unitID]
CreateUnitsForPlayer0 - 第[5861]行：[t]
CreateUnitsForPlayer0 - 第[5862]行：[life]
CreateUnitsForPlayer8 - 第[5869]行：[unitID]
CreateUnitsForPlayer8 - 第[5870]行：[t]
CreateUnitsForPlayer8 - 第[5871]行：[life]
CreateUnitsForPlayer10 - 第[5878]行：[unitID]
CreateUnitsForPlayer10 - 第[5879]行：[t]
CreateUnitsForPlayer10 - 第[5880]行：[life]
CreateNeutralHostileBuildings - 第[5943]行：[unitID]
CreateNeutralHostileBuildings - 第[5944]行：[t]
CreateNeutralHostileBuildings - 第[5945]行：[life]
CreateNeutralHostile - 第[5955]行：[unitID]
CreateNeutralHostile - 第[5956]行：[t]
CreateNeutralHostile - 第[5957]行：[life]
CreateNeutralPassiveBuildings - 第[6013]行：[unitID]

==========================
其他 (3)
==========================
使用的插件：[模型加密](地图) - 将slk格式地图使用的模型进行简单加密。
使用的插件：[本地脚本](地图) - 让obj格式的地图使用本地的lua脚本。
使用的插件：[引用声明](地图) - 对只在lua中使用的对象进行引用声明。
